Arguments: 
  C:\Program Files\nodejs\node.exe C:\Program Files (x86)\Yarn\bin\yarn.js add --dev @vercel/php

PATH: 
  C:\Program Files\Microsoft\jdk-11.0.12.7-hotspot\bin;C:\Program Files\Eclipse Foundation\jdk-8.0.302.8-hotspot\bin;C:\Windows\system32;C:\Windows;C:\Windows\System32\Wbem;C:\Windows\System32\WindowsPowerShell\v1.0\;C:\Windows\System32\OpenSSH\;C:\Program Files\Microsoft SQL Server\130\Tools\Binn\;C:\Program Files\Microsoft SQL Server\Client SDK\ODBC\170\Tools\Binn\;C:\Program Files (x86)\Microsoft SQL Server\150\Tools\Binn\;C:\Program Files\Microsoft SQL Server\150\Tools\Binn\;C:\Program Files\Microsoft SQL Server\150\DTS\Binn\;C:\Program Files\Azure Data Studio\bin;C:\Program Files (x86)\Microsoft SQL Server\150\DTS\Binn\;C:\Program Files\dotnet\;C:\ProgramData\chocolatey\bin;C:\Program Files\Git\cmd;C:\Program Files (x86)\Yarn\bin\;C:\xampp\php;C:\composer;C:\Users\Geekster PC\Desktop\Liquid Technologies\Liquid Studio\XmlDataBinder20\Redist20\cpp\win32\bin;C:\Users\Geekster PC\Desktop\Liquid Technologies\Liquid Studio\XmlDataBinder20\Redist20\cpp\win64\bin;C:\Program Files\nodejs\;C:\Users\Geekster PC\AppData\Local\Microsoft\WindowsApps;C:\Program Files\Azure Data Studio\bin;C:\Users\Geekster PC\.dotnet\tools;C:\Users\Geekster PC\AppData\Local\Programs\Microsoft VS Code\bin;C:\Users\Geekster PC\AppData\Local\Yarn\bin;C:\Users\Geekster PC\AppData\Local\GitHubDesktop\bin;C:\Users\Geekster PC\AppData\Roaming\Composer\vendor\bin;C:\Users\Geekster PC\AppData\Roaming\npm

Yarn version: 
  1.22.19

Node version: 
  20.10.0

Platform: 
  win32 x64

Trace: 
  Error: https://registry.yarnpkg.com/@vercel%2fphp: Not found
      at params.callback [as _callback] (C:\Program Files (x86)\Yarn\lib\cli.js:66145:18)
      at self.callback (C:\Program Files (x86)\Yarn\lib\cli.js:140890:22)
      at Request.emit (node:events:514:28)
      at Request.<anonymous> (C:\Program Files (x86)\Yarn\lib\cli.js:141862:10)
      at Request.emit (node:events:514:28)
      at IncomingMessage.<anonymous> (C:\Program Files (x86)\Yarn\lib\cli.js:141784:12)
      at Object.onceWrapper (node:events:628:28)
      at IncomingMessage.emit (node:events:526:35)
      at endReadableNT (node:internal/streams/readable:1589:12)
      at process.processTicksAndRejections (node:internal/process/task_queues:82:21)

npm manifest: 
  No manifest

yarn manifest: 
  No manifest

Lockfile: 
  No lockfile
